Picked up JAVA_TOOL_OPTIONS: -Dstdout.encoding=UTF-8 -Dstderr.encoding=UTF-8
[INFO] Scanning for projects...
[INFO] 
[INFO] ----------------< com.edutech:microservicio_ejecucion >-----------------
[INFO] Building microservicio_ejecucion 0.0.1-SNAPSHOT
[INFO]   from pom.xml
[INFO] --------------------------------[ jar ]---------------------------------
[INFO] 
[INFO] >>> spring-boot:3.3.0:run (default-cli) > test-compile @ microservicio_ejecucion >>>
[INFO] 
[INFO] --- resources:3.3.1:resources (default-resources) @ microservicio_ejecucion ---
[INFO] Copying 3 resources from src\main\resources to target\classes
[INFO] Copying 1 resource from src\main\resources to target\classes
[INFO] 
[INFO] --- compiler:3.11.0:compile (default-compile) @ microservicio_ejecucion ---
[INFO] Nothing to compile - all classes are up to date
[INFO] 
[INFO] --- resources:3.3.1:testResources (default-testResources) @ microservicio_ejecucion ---
[INFO] skip non existing resourceDirectory C:\Users\Administrator\Documents\edutech\microservicio_ejecucion\src\test\resources
[INFO] 
[INFO] --- compiler:3.11.0:testCompile (default-testCompile) @ microservicio_ejecucion ---
[INFO] No sources to compile
[INFO] 
[INFO] <<< spring-boot:3.3.0:run (default-cli) < test-compile @ microservicio_ejecucion <<<
[INFO] 
[INFO] 
[INFO] --- spring-boot:3.3.0:run (default-cli) @ microservicio_ejecucion ---
[INFO] Attaching agents: []
Picked up JAVA_TOOL_OPTIONS: -Dstdout.encoding=UTF-8 -Dstderr.encoding=UTF-8
  .   ____          _            __ _ _
 /\\ / ___'_ __ _ _(_)_ __  __ _ \ \ \ \
( ( )\___ | '_ | '_| | '_ \/ _` | \ \ \ \
 \\/  ___)| |_)| | | | | || (_| |  ) ) ) )
  '  |____| .__|_| |_|_| |_\__, | / / / /
 =========|_|==============|___/=/_/_/_/

 :: Spring Boot ::                (v3.3.0)

2025-06-01T00:18:49.854-04:00  INFO 3108 --- [microservicio_ejecucion] [           main] c.e.m.MicroservicioEjecucionApplication  : Starting MicroservicioEjecucionApplication using Java 21.0.7 with PID 3108 (C:\Users\Administrator\Documents\edutech\microservicio_ejecucion\target\classes started by Administrator in C:\Users\Administrator\Documents\edutech\microservicio_ejecucion)
2025-06-01T00:18:49.870-04:00  INFO 3108 --- [microservicio_ejecucion] [           main] c.e.m.MicroservicioEjecucionApplication  : No active profile set, falling back to 1 default profile: "default"
2025-06-01T00:18:53.768-04:00  INFO 3108 --- [microservicio_ejecucion] [           main] .s.d.r.c.RepositoryConfigurationDelegate : Bootstrapping Spring Data JPA repositories in DEFAULT mode.
2025-06-01T00:18:54.285-04:00  INFO 3108 --- [microservicio_ejecucion] [           main] .s.d.r.c.RepositoryConfigurationDelegate : Finished Spring Data repository scanning in 463 ms. Found 2 JPA repository interfaces.
2025-06-01T00:18:57.418-04:00  INFO 3108 --- [microservicio_ejecucion] [           main] o.s.b.w.embedded.tomcat.TomcatWebServer  : Tomcat initialized with port 8083 (http)
2025-06-01T00:18:57.460-04:00  INFO 3108 --- [microservicio_ejecucion] [           main] o.apache.catalina.core.StandardService   : Starting service [Tomcat]
2025-06-01T00:18:57.461-04:00  INFO 3108 --- [microservicio_ejecucion] [           main] o.apache.catalina.core.StandardEngine    : Starting Servlet engine: [Apache Tomcat/10.1.24]
2025-06-01T00:18:57.766-04:00  INFO 3108 --- [microservicio_ejecucion] [           main] o.a.c.c.C.[Tomcat].[localhost].[/]       : Initializing Spring embedded WebApplicationContext
2025-06-01T00:18:57.768-04:00  INFO 3108 --- [microservicio_ejecucion] [           main] w.s.c.ServletWebServerApplicationContext : Root WebApplicationContext: initialization completed in 7734 ms
2025-06-01T00:18:58.757-04:00  INFO 3108 --- [microservicio_ejecucion] [           main] o.hibernate.jpa.internal.util.LogHelper  : HHH000204: Processing PersistenceUnitInfo [name: default]
2025-06-01T00:18:59.193-04:00  INFO 3108 --- [microservicio_ejecucion] [           main] org.hibernate.Version                    : HHH000412: Hibernate ORM core version 6.5.2.Final
2025-06-01T00:18:59.359-04:00  INFO 3108 --- [microservicio_ejecucion] [           main] o.h.c.internal.RegionFactoryInitiator    : HHH000026: Second-level cache disabled
2025-06-01T00:19:01.264-04:00  INFO 3108 --- [microservicio_ejecucion] [           main] o.s.o.j.p.SpringPersistenceUnitInfo      : No LoadTimeWeaver setup: ignoring JPA class transformer
2025-06-01T00:19:01.372-04:00  INFO 3108 --- [microservicio_ejecucion] [           main] com.zaxxer.hikari.HikariDataSource       : HikariPool-1 - Starting...
2025-06-01T00:19:01.839-04:00  INFO 3108 --- [microservicio_ejecucion] [           main] com.zaxxer.hikari.pool.HikariPool        : HikariPool-1 - Added connection com.mysql.cj.jdbc.ConnectionImpl@4def42c3
2025-06-01T00:19:01.844-04:00  INFO 3108 --- [microservicio_ejecucion] [           main] com.zaxxer.hikari.HikariDataSource       : HikariPool-1 - Start completed.
2025-06-01T00:19:01.963-04:00  WARN 3108 --- [microservicio_ejecucion] [           main] org.hibernate.dialect.Dialect            : HHH000511: The 5.5.5 version for [org.hibernate.dialect.MySQLDialect] is no longer supported, hence certain features may not work properly. The minimum supported version is 8.0.0. Check the community dialects project for available legacy versions.
2025-06-01T00:19:01.976-04:00  WARN 3108 --- [microservicio_ejecucion] [           main] org.hibernate.orm.deprecation            : HHH90000025: MySQLDialect does not need to be specified explicitly using 'hibernate.dialect' (remove the property setting and it will be selected by default)
2025-06-01T00:19:06.309-04:00  INFO 3108 --- [microservicio_ejecucion] [           main] o.h.e.t.j.p.i.JtaPlatformInitiator       : HHH000489: No JTA platform available (set 'hibernate.transaction.jta.platform' to enable JTA platform integration)
2025-06-01T00:19:06.815-04:00  INFO 3108 --- [microservicio_ejecucion] [           main] j.LocalContainerEntityManagerFactoryBean : Initialized JPA EntityManagerFactory for persistence unit 'default'
2025-06-01T00:19:08.767-04:00  WARN 3108 --- [microservicio_ejecucion] [           main] JpaBaseConfiguration$JpaWebConfiguration : spring.jpa.open-in-view is enabled by default. Therefore, database queries may be performed during view rendering. Explicitly configure spring.jpa.open-in-view to disable this warning
2025-06-01T00:19:09.864-04:00  INFO 3108 --- [microservicio_ejecucion] [           main] o.s.b.w.embedded.tomcat.TomcatWebServer  : Tomcat started on port 8083 (http) with context path '/'
2025-06-01T00:19:09.880-04:00  INFO 3108 --- [microservicio_ejecucion] [           main] c.e.m.MicroservicioEjecucionApplication  : Started MicroservicioEjecucionApplication in 21.619 seconds (process running for 23.736)
^C