Picked up JAVA_TOOL_OPTIONS: -Dstdout.encoding=UTF-8 -Dstderr.encoding=UTF-8
[INFO] Scanning for projects...
[INFO] 
[INFO] -----------------< com.edutech:microservicio_persona >------------------
[INFO] Building microservicio_persona 0.0.1-SNAPSHOT
[INFO]   from pom.xml
[INFO] --------------------------------[ jar ]---------------------------------
[INFO] 
[INFO] >>> spring-boot:3.3.0:run (default-cli) > test-compile @ microservicio_persona >>>
[INFO] 
[INFO] --- resources:3.3.1:resources (default-resources) @ microservicio_persona ---
[INFO] Copying 6 resources from src\main\resources to target\classes
[INFO] Copying 1 resource from src\main\resources to target\classes
[INFO] 
[INFO] --- compiler:3.12.1:compile (default-compile) @ microservicio_persona ---
[INFO] Nothing to compile - all classes are up to date.
[INFO] 
[INFO] --- resources:3.3.1:testResources (default-testResources) @ microservicio_persona ---
[INFO] skip non existing resourceDirectory C:\Users\Administrator\Documents\edutech\microservicio_persona\src\test\resources
[INFO] 
[INFO] --- compiler:3.12.1:testCompile (default-testCompile) @ microservicio_persona ---
[INFO] No sources to compile
[INFO] 
[INFO] <<< spring-boot:3.3.0:run (default-cli) < test-compile @ microservicio_persona <<<
[INFO] 
[INFO] 
[INFO] --- spring-boot:3.3.0:run (default-cli) @ microservicio_persona ---
[INFO] Attaching agents: []
Picked up JAVA_TOOL_OPTIONS: -Dstdout.encoding=UTF-8 -Dstderr.encoding=UTF-8
  .   ____          _            __ _ _
 /\\ / ___'_ __ _ _(_)_ __  __ _ \ \ \ \
( ( )\___ | '_ | '_| | '_ \/ _` | \ \ \ \
 \\/  ___)| |_)| | | | | || (_| |  ) ) ) )
  '  |____| .__|_| |_|_| |_\__, | / / / /
 =========|_|==============|___/=/_/_/_/

 :: Spring Boot ::                (v3.3.0)

2025-06-01T00:18:35.155-04:00  INFO 5364 --- [microservicio-persona] [           main] c.e.m.MicroservicioPersonaApplication    : Starting MicroservicioPersonaApplication using Java 21.0.7 with PID 5364 (C:\Users\Administrator\Documents\edutech\microservicio_persona\target\classes started by Administrator in C:\Users\Administrator\Documents\edutech\microservicio_persona)
2025-06-01T00:18:35.171-04:00  INFO 5364 --- [microservicio-persona] [           main] c.e.m.MicroservicioPersonaApplication    : No active profile set, falling back to 1 default profile: "default"
2025-06-01T00:18:38.533-04:00  INFO 5364 --- [microservicio-persona] [           main] .s.d.r.c.RepositoryConfigurationDelegate : Bootstrapping Spring Data JPA repositories in DEFAULT mode.
2025-06-01T00:18:38.781-04:00  INFO 5364 --- [microservicio-persona] [           main] .s.d.r.c.RepositoryConfigurationDelegate : Finished Spring Data repository scanning in 232 ms. Found 2 JPA repository interfaces.
2025-06-01T00:18:41.272-04:00  INFO 5364 --- [microservicio-persona] [           main] o.s.b.w.embedded.tomcat.TomcatWebServer  : Tomcat initialized with port 8081 (http)
2025-06-01T00:18:41.303-04:00  INFO 5364 --- [microservicio-persona] [           main] o.apache.catalina.core.StandardService   : Starting service [Tomcat]
2025-06-01T00:18:41.304-04:00  INFO 5364 --- [microservicio-persona] [           main] o.apache.catalina.core.StandardEngine    : Starting Servlet engine: [Apache Tomcat/10.1.24]
2025-06-01T00:18:41.667-04:00  INFO 5364 --- [microservicio-persona] [           main] o.a.c.c.C.[Tomcat].[localhost].[/]       : Initializing Spring embedded WebApplicationContext
2025-06-01T00:18:41.671-04:00  INFO 5364 --- [microservicio-persona] [           main] w.s.c.ServletWebServerApplicationContext : Root WebApplicationContext: initialization completed in 6355 ms
2025-06-01T00:18:42.334-04:00  INFO 5364 --- [microservicio-persona] [           main] o.hibernate.jpa.internal.util.LogHelper  : HHH000204: Processing PersistenceUnitInfo [name: default]
2025-06-01T00:18:42.595-04:00  INFO 5364 --- [microservicio-persona] [           main] org.hibernate.Version                    : HHH000412: Hibernate ORM core version 6.5.2.Final
2025-06-01T00:18:42.752-04:00  INFO 5364 --- [microservicio-persona] [           main] o.h.c.internal.RegionFactoryInitiator    : HHH000026: Second-level cache disabled
2025-06-01T00:18:44.772-04:00  INFO 5364 --- [microservicio-persona] [           main] o.s.o.j.p.SpringPersistenceUnitInfo      : No LoadTimeWeaver setup: ignoring JPA class transformer
2025-06-01T00:18:45.005-04:00  INFO 5364 --- [microservicio-persona] [           main] com.zaxxer.hikari.HikariDataSource       : HikariPool-1 - Starting...
2025-06-01T00:18:46.258-04:00  INFO 5364 --- [microservicio-persona] [           main] com.zaxxer.hikari.pool.HikariPool        : HikariPool-1 - Added connection com.mysql.cj.jdbc.ConnectionImpl@40fe8fd5
2025-06-01T00:18:46.262-04:00  INFO 5364 --- [microservicio-persona] [           main] com.zaxxer.hikari.HikariDataSource       : HikariPool-1 - Start completed.
2025-06-01T00:18:46.387-04:00  WARN 5364 --- [microservicio-persona] [           main] org.hibernate.dialect.Dialect            : HHH000511: The 5.5.5 version for [org.hibernate.dialect.MySQLDialect] is no longer supported, hence certain features may not work properly. The minimum supported version is 8.0.0. Check the community dialects project for available legacy versions.
2025-06-01T00:18:46.395-04:00  WARN 5364 --- [microservicio-persona] [           main] org.hibernate.orm.deprecation            : HHH90000025: MySQLDialect does not need to be specified explicitly using 'hibernate.dialect' (remove the property setting and it will be selected by default)
2025-06-01T00:18:49.472-04:00  INFO 5364 --- [microservicio-persona] [           main] o.h.e.t.j.p.i.JtaPlatformInitiator       : HHH000489: No JTA platform available (set 'hibernate.transaction.jta.platform' to enable JTA platform integration)
2025-06-01T00:18:49.900-04:00  INFO 5364 --- [microservicio-persona] [           main] j.LocalContainerEntityManagerFactoryBean : Initialized JPA EntityManagerFactory for persistence unit 'default'
2025-06-01T00:18:51.176-04:00  INFO 5364 --- [microservicio-persona] [           main] o.s.d.j.r.query.QueryEnhancerFactory     : Hibernate is in classpath; If applicable, HQL parser will be used.
2025-06-01T00:18:52.765-04:00  WARN 5364 --- [microservicio-persona] [           main] JpaBaseConfiguration$JpaWebConfiguration : spring.jpa.open-in-view is enabled by default. Therefore, database queries may be performed during view rendering. Explicitly configure spring.jpa.open-in-view to disable this warning
2025-06-01T00:18:54.123-04:00  INFO 5364 --- [microservicio-persona] [           main] o.s.b.w.embedded.tomcat.TomcatWebServer  : Tomcat started on port 8081 (http) with context path '/'
2025-06-01T00:18:54.153-04:00  INFO 5364 --- [microservicio-persona] [           main] c.e.m.MicroservicioPersonaApplication    : Started MicroservicioPersonaApplication in 20.527 seconds (process running for 21.681)
^C